<?xml version="1.0" encoding="UTF-8"?>
<!-- Generated by org.testng.reporters.JUnitReportReporter -->
<testsuite name="com.meta.AppiumTestProject.classes.CalculatorTest" tests="1" time="11.056" ignored="0" failures="0" timestamp="19 May 2019 20:59:26 GMT" skipped="0" hostname="Abhishek-Thomas" errors="0">
  <testcase name="test" time="11.056" classname="com.meta.AppiumTestProject.classes.CalculatorTest"/>
</testsuite> <!-- com.meta.AppiumTestProject.classes.CalculatorTest -->
