<?xml version="1.0" encoding="UTF-8"?>
<!-- Generated by org.testng.reporters.JUnitReportReporter -->
<testsuite name="com.meta.AppiumTestProject.classes.appClasses.MercuryTourTest" tests="1" time="77.240" ignored="0" failures="0" timestamp="07 Jun 2019 09:29:49 GMT" skipped="0" hostname="Abhishek-Thomas" errors="0">
  <testcase name="mercuryTestCase" time="77.240" classname="com.meta.AppiumTestProject.classes.appClasses.MercuryTourTest"/>
</testsuite> <!-- com.meta.AppiumTestProject.classes.appClasses.MercuryTourTest -->
