<?xml version="1.0" encoding="UTF-8"?>
<!-- Generated by org.testng.reporters.JUnitReportReporter -->
<testsuite name="com.meta.AppiumTestProject.classes.appClasses.CalculatorTest" tests="1" time="11.810" ignored="0" failures="0" timestamp="28 May 2019 03:21:25 GMT" skipped="0" hostname="Abhishek-Thomas" errors="0">
  <testcase name="test" time="11.810" classname="com.meta.AppiumTestProject.classes.appClasses.CalculatorTest"/>
</testsuite> <!-- com.meta.AppiumTestProject.classes.appClasses.CalculatorTest -->
