<?xml version="1.0" encoding="UTF-8"?>
<!-- Generated by org.testng.reporters.JUnitReportReporter -->
<testsuite name="com.meta.AppiumTestProject.classes.SoftPhoneTest" tests="1" time="184.443" ignored="0" failures="0" timestamp="25 May 2019 09:39:57 GMT" skipped="0" hostname="Abhishek-Thomas" errors="0">
  <testcase name="test" time="184.443" classname="com.meta.AppiumTestProject.classes.SoftPhoneTest"/>
</testsuite> <!-- com.meta.AppiumTestProject.classes.SoftPhoneTest -->
